Build started 2015-11-02 오후 8:20:41.
     1>Project "C:\Users\jeon\Desktop\수정중\5. releaseMode\releaseMode2.vcxproj" on node 2 (Build target(s)).
     1>ClCompile:
         C:\Program Files (x86)\Microsoft Visual Studio 12.0\VC\bin\CL.exe /c /ZI /nologo /W3 /WX- /sdl- /Od /Oy- /D WIN32 /D _DEBUG /D _WINDOWS /D _MBCS /Gm /EHsc /RTC1 /MDd /GS /fp:precise /Zc:wchar_t /Zc:forScope /Fo"Debug\\" /Fd"Debug\vc120.pdb" /Gd /TP /analyze- /errorReport:prompt avltree.cpp carThread.cpp fileIO.cpp handle.cpp main.cpp readerThread.cpp utility.cpp
         utility.cpp
         readerThread.cpp
         main.cpp
         handle.cpp
         fileIO.cpp
     1>c:\users\jeon\desktop\수정중\5. releasemode\fileio.cpp(47): warning C4996: 'sprintf': This function or variable may be unsafe. Consider using sprintf_s instead. To disable deprecation, use _CRT_SECURE_NO_WARNINGS. See online help for details.
                 c:\program files (x86)\microsoft visual studio 12.0\vc\include\stdio.h(356) : see declaration of 'sprintf'
     1>c:\users\jeon\desktop\수정중\5. releasemode\fileio.cpp(48): warning C4996: 'strcat': This function or variable may be unsafe. Consider using strcat_s instead. To disable deprecation, use _CRT_SECURE_NO_WARNINGS. See online help for details.
                 c:\program files (x86)\microsoft visual studio 12.0\vc\include\string.h(118) : see declaration of 'strcat'
     1>c:\users\jeon\desktop\수정중\5. releasemode\fileio.cpp(50): warning C4996: 'fopen': This function or variable may be unsafe. Consider using fopen_s instead. To disable deprecation, use _CRT_SECURE_NO_WARNINGS. See online help for details.
                 c:\program files (x86)\microsoft visual studio 12.0\vc\include\stdio.h(211) : see declaration of 'fopen'
         carThread.cpp
         avltree.cpp
         Generating Code...
       ResourceCompile:
         C:\Program Files (x86)\Windows Kits\8.1\bin\x86\rc.exe /l"0x0409" /nologo /fo"Debug\releaseMode2.res" releaseMode2.rc 
       Link:
         C:\Program Files (x86)\Microsoft Visual Studio 12.0\VC\bin\link.exe /ERRORREPORT:PROMPT /OUT:"C:\Users\jeon\Desktop\수정중\5. releaseMode\Debug\releaseMode2.exe" /INCREMENTAL /NOLOGO /LIBPATH:C:\Users\Administrator\Downloads kernel32.lib user32.lib gdi32.lib winspool.lib comdlg32.lib advapi32.lib shell32.lib ole32.lib oleaut32.lib uuid.lib odbc32.lib odbccp32.lib /MANIFEST /MANIFESTUAC:"level='asInvoker' uiAccess='false'" /manifest:embed /DEBUG /PDB:"C:\Users\jeon\Desktop\수정중\5. releaseMode\Debug\releaseMode2.pdb" /SUBSYSTEM:WINDOWS /TLBID:1 /DYNAMICBASE /NXCOMPAT /IMPLIB:"C:\Users\jeon\Desktop\수정중\5. releaseMode\Debug\releaseMode2.lib" /MACHINE:X86 Debug\releaseMode2.res
         Debug\avltree.obj
         Debug\carThread.obj
         Debug\fileIO.obj
         Debug\handle.obj
         Debug\main.obj
         Debug\readerThread.obj
         Debug\utility.obj
         LINK : C:\Users\jeon\Desktop\수정중\5. releaseMode\Debug\releaseMode2.exe not found or not built by the last incremental link; performing full link
         releaseMode2.vcxproj -> C:\Users\jeon\Desktop\수정중\5. releaseMode\Debug\releaseMode2.exe
     1>Done Building Project "C:\Users\jeon\Desktop\수정중\5. releaseMode\releaseMode2.vcxproj" (Build target(s)).

Build succeeded.

Time Elapsed 00:00:03.41
