Build started 2015-10-26 오후 11:14:32.
     1>Project "C:\Users\choisunguk\documents\visual studio 2013\Projects\carConsole\carConsole\carConsole.vcxproj" on node 2 (Build target(s)).
     1>ClCompile:
         C:\Program Files (x86)\Microsoft Visual Studio 12.0\VC\bin\CL.exe /c /Zi /nologo /W3 /WX- /sdl /O2 /Oi /Oy- /GL /D _MBCS /Gm- /EHsc /MD /GS /Gy /fp:precise /Zc:wchar_t /Zc:forScope /Fo"Release\\" /Fd"Release\vc120.pdb" /Gd /TP /analyze- /errorReport:prompt Collision.cpp Main.cpp Screen.cpp carThread.cpp recognizer.cpp
         Collision.cpp
         Main.cpp
         Screen.cpp
         carThread.cpp
         recognizer.cpp
       Link:
         C:\Program Files (x86)\Microsoft Visual Studio 12.0\VC\bin\link.exe /ERRORREPORT:PROMPT /OUT:"C:\Users\choisunguk\documents\visual studio 2013\Projects\carConsole\Release\carConsole.exe" /NOLOGO kernel32.lib user32.lib gdi32.lib winspool.lib comdlg32.lib advapi32.lib shell32.lib ole32.lib oleaut32.lib uuid.lib odbc32.lib odbccp32.lib /MANIFEST /MANIFESTUAC:"level='asInvoker' uiAccess='false'" /manifest:embed /DEBUG /PDB:"C:\Users\choisunguk\documents\visual studio 2013\Projects\carConsole\Release\carConsole.pdb" /OPT:REF /OPT:ICF /LTCG /TLBID:1 /DYNAMICBASE /NXCOMPAT /IMPLIB:"C:\Users\choisunguk\documents\visual studio 2013\Projects\carConsole\Release\carConsole.lib" /MACHINE:X86 /SAFESEH Release\carThread.obj
         Release\Collision.obj
         Release\Main.obj
         Release\recognizer.obj
         Release\Screen.obj
         Generating code
         Finished generating code
         carConsole.vcxproj -> C:\Users\choisunguk\documents\visual studio 2013\Projects\carConsole\Release\carConsole.exe
     1>Done Building Project "C:\Users\choisunguk\documents\visual studio 2013\Projects\carConsole\carConsole\carConsole.vcxproj" (Build target(s)).

Build succeeded.

Time Elapsed 00:00:02.45
