Build started 2015-11-01 오후 9:43:35.
     1>Project "C:\Users\choisunguk\Documents\Visual Studio 2013\Projects\수정중\5. releaseMode\releaseMode2.vcxproj" on node 2 (Build target(s)).
     1>ClCompile:
         C:\Program Files (x86)\Microsoft Visual Studio 12.0\VC\bin\CL.exe /c /Zi /nologo /W3 /WX- /sdl- /O2 /Oi /Oy- /GL /D WIN32 /D NDEBUG /D _WINDOWS /D _MBCS /Gm- /EHsc /MD /GS /Gy /fp:precise /Zc:wchar_t /Zc:forScope /Fo"Release\\" /Fd"Release\vc120.pdb" /Gd /TP /analyze- /errorReport:prompt fileIO.cpp
         fileIO.cpp
     1>fileIO.cpp(47): warning C4996: 'sprintf': This function or variable may be unsafe. Consider using sprintf_s instead. To disable deprecation, use _CRT_SECURE_NO_WARNINGS. See online help for details.
                 C:\Program Files (x86)\Microsoft Visual Studio 12.0\VC\include\stdio.h(356) : see declaration of 'sprintf'
     1>fileIO.cpp(48): warning C4996: 'strcat': This function or variable may be unsafe. Consider using strcat_s instead. To disable deprecation, use _CRT_SECURE_NO_WARNINGS. See online help for details.
                 C:\Program Files (x86)\Microsoft Visual Studio 12.0\VC\include\string.h(118) : see declaration of 'strcat'
     1>fileIO.cpp(50): warning C4996: 'fopen': This function or variable may be unsafe. Consider using fopen_s instead. To disable deprecation, use _CRT_SECURE_NO_WARNINGS. See online help for details.
                 C:\Program Files (x86)\Microsoft Visual Studio 12.0\VC\include\stdio.h(211) : see declaration of 'fopen'
       Link:
         C:\Program Files (x86)\Microsoft Visual Studio 12.0\VC\bin\link.exe /ERRORREPORT:PROMPT /OUT:"C:\Users\choisunguk\Documents\Visual Studio 2013\Projects\수정중\5. releaseMode\Release\releaseMode2.exe" /INCREMENTAL:NO /NOLOGO kernel32.lib user32.lib gdi32.lib winspool.lib comdlg32.lib advapi32.lib shell32.lib ole32.lib oleaut32.lib uuid.lib odbc32.lib odbccp32.lib /MANIFEST /MANIFESTUAC:"level='asInvoker' uiAccess='false'" /manifest:embed /DEBUG /PDB:"C:\Users\choisunguk\Documents\Visual Studio 2013\Projects\수정중\5. releaseMode\Release\releaseMode2.pdb" /SUBSYSTEM:WINDOWS /OPT:REF /OPT:ICF /LTCG /TLBID:1 /DYNAMICBASE /NXCOMPAT /IMPLIB:"C:\Users\choisunguk\Documents\Visual Studio 2013\Projects\수정중\5. releaseMode\Release\releaseMode2.lib" /MACHINE:X86 /SAFESEH Release\releaseMode2.res
         Release\avltree.obj
         Release\carThread.obj
         Release\fileIO.obj
         Release\handle.obj
         Release\main.obj
         Release\utility.obj
         Generating code
         Finished generating code
         releaseMode2.vcxproj -> C:\Users\choisunguk\Documents\Visual Studio 2013\Projects\수정중\5. releaseMode\Release\releaseMode2.exe
     1>Done Building Project "C:\Users\choisunguk\Documents\Visual Studio 2013\Projects\수정중\5. releaseMode\releaseMode2.vcxproj" (Build target(s)).

Build succeeded.

Time Elapsed 00:00:00.78
