Build started 2015-11-04 오후 11:31:00.
     1>Project "C:\Users\choisunguk\Desktop\수정중\releaseMode2.vcxproj" on node 2 (Build target(s)).
     1>ClCompile:
         C:\Program Files (x86)\Microsoft Visual Studio 12.0\VC\bin\CL.exe /c /Zi /nologo /W3 /WX- /sdl- /O2 /Oi /Oy- /GL /D WIN32 /D NDEBUG /D _WINDOWS /D _MBCS /Gm- /EHsc /MT /GS /Gy /fp:precise /Zc:wchar_t /Zc:forScope /Fo"Release\\" /Fd"Release\vc120.pdb" /Gd /TP /analyze- /errorReport:prompt socket.cpp
         socket.cpp
     1>socket.cpp(51): warning C4996: 'inet_addr': Use inet_pton() or InetPton() instead or define _WINSOCK_DEPRECATED_NO_WARNINGS to disable deprecated API warnings
                 C:\Program Files (x86)\Windows Kits\8.1\Include\um\winsock2.h(1850) : see declaration of 'inet_addr'
       Link:
         C:\Program Files (x86)\Microsoft Visual Studio 12.0\VC\bin\link.exe /ERRORREPORT:PROMPT /OUT:"C:\Users\choisunguk\Desktop\수정중\Release\releaseMode2.exe" /INCREMENTAL:NO /NOLOGO kernel32.lib user32.lib gdi32.lib winspool.lib comdlg32.lib advapi32.lib shell32.lib ole32.lib oleaut32.lib uuid.lib odbc32.lib odbccp32.lib /MANIFEST /MANIFESTUAC:"level='asInvoker' uiAccess='false'" /manifest:embed /DEBUG /PDB:"C:\Users\choisunguk\Desktop\수정중\Release\releaseMode2.pdb" /SUBSYSTEM:WINDOWS /OPT:REF /OPT:ICF /LTCG /TLBID:1 /DYNAMICBASE /NXCOMPAT /IMPLIB:"C:\Users\choisunguk\Desktop\수정중\Release\releaseMode2.lib" /MACHINE:X86 /SAFESEH Release\releaseMode2.res
         Release\carThread.obj
         Release\cashierThread.obj
         Release\fileIO.obj
         Release\handle.obj
         Release\main.obj
         Release\readerThread.obj
         Release\socket.obj
         Release\utility.obj
         Generating code
         Finished generating code
         releaseMode2.vcxproj -> C:\Users\choisunguk\Desktop\수정중\Release\releaseMode2.exe
     1>Done Building Project "C:\Users\choisunguk\Desktop\수정중\releaseMode2.vcxproj" (Build target(s)).

Build succeeded.

Time Elapsed 00:00:01.33
