Build started 2015-11-30 오후 7:55:45.
     1>Project "C:\Users\choisunguk\Documents\GitHub\2015SoftwareClass\Client\releaseMode2.vcxproj" on node 2 (Build target(s)).
     1>ClCompile:
         C:\Program Files (x86)\Microsoft Visual Studio 12.0\VC\bin\CL.exe /c /Zi /nologo /W2 /WX- /sdl- /O2 /Oi /Oy- /GL /D WIN32 /D NDEBUG /D _WINDOWS /D _USING_V110_SDK71_ /D _MBCS /Gm- /EHsc /MT /GS /Gy /fp:precise /Zc:wchar_t /Zc:forScope /Fo"Release\\" /Fd"Release\vc120.pdb" /Gd /TP /analyze- /errorReport:prompt carThread.cpp main.cpp
         carThread.cpp
         main.cpp
       Link:
         C:\Program Files (x86)\Microsoft Visual Studio 12.0\VC\bin\link.exe /ERRORREPORT:PROMPT /OUT:"C:\Users\choisunguk\Documents\GitHub\2015SoftwareClass\Client\Release\releaseMode2.exe" /INCREMENTAL:NO /NOLOGO kernel32.lib user32.lib gdi32.lib winspool.lib comdlg32.lib advapi32.lib shell32.lib ole32.lib oleaut32.lib uuid.lib odbc32.lib odbccp32.lib /MANIFEST /MANIFESTUAC:"level='asInvoker' uiAccess='false'" /manifest:embed /DEBUG /PDB:"C:\Users\choisunguk\Documents\GitHub\2015SoftwareClass\Client\Release\releaseMode2.pdb" /SUBSYSTEM:WINDOWS,"5.01" /OPT:REF /OPT:ICF /LTCG /TLBID:1 /DYNAMICBASE /NXCOMPAT /IMPLIB:"C:\Users\choisunguk\Documents\GitHub\2015SoftwareClass\Client\Release\releaseMode2.lib" /MACHINE:X86 /SAFESEH Release\releaseMode2.res
         Release\carThread.obj
         Release\cashierThread.obj
         Release\collsion.obj
         Release\fileIO.obj
         Release\handle.obj
         Release\main.obj
         Release\move.obj
         Release\readerThread.obj
         Release\socket.obj
         Release\utility.obj
         Generating code
         Finished generating code
         releaseMode2.vcxproj -> C:\Users\choisunguk\Documents\GitHub\2015SoftwareClass\Client\Release\releaseMode2.exe
     1>Done Building Project "C:\Users\choisunguk\Documents\GitHub\2015SoftwareClass\Client\releaseMode2.vcxproj" (Build target(s)).

Build succeeded.

Time Elapsed 00:00:02.95
